TN:
SF:src/models/mlModel.js
FN:10,(anonymous_0)
FN:32,(anonymous_1)
FN:39,(anonymous_2)
FN:70,(anonymous_3)
FN:191,(anonymous_4)
FN:225,(anonymous_5)
FN:233,(anonymous_6)
FN:234,(anonymous_7)
FN:240,(anonymous_8)
FN:257,(anonymous_9)
FNF:10
FNH:0
FNDA:0,(anonymous_0)
FNDA:0,(anonymous_1)
FNDA:0,(anonymous_2)
FNDA:0,(anonymous_3)
FNDA:0,(anonymous_4)
FNDA:0,(anonymous_5)
FNDA:0,(anonymous_6)
FNDA:0,(anonymous_7)
FNDA:0,(anonymous_8)
FNDA:0,(anonymous_9)
DA:6,0
DA:7,0
DA:11,0
DA:12,0
DA:13,0
DA:14,0
DA:17,0
DA:33,0
DA:40,0
DA:43,0
DA:44,0
DA:47,0
DA:48,0
DA:51,0
DA:52,0
DA:55,0
DA:56,0
DA:59,0
DA:62,0
DA:64,0
DA:75,0
DA:77,0
DA:78,0
DA:79,0
DA:82,0
DA:83,0
DA:85,0
DA:86,0
DA:88,0
DA:89,0
DA:91,0
DA:102,0
DA:105,0
DA:106,0
DA:107,0
DA:111,0
DA:121,0
DA:124,0
DA:125,0
DA:127,0
DA:128,0
DA:130,0
DA:132,0
DA:133,0
DA:134,0
DA:137,0
DA:138,0
DA:139,0
DA:142,0
DA:143,0
DA:144,0
DA:149,0
DA:150,0
DA:151,0
DA:152,0
DA:153,0
DA:155,0
DA:156,0
DA:159,0
DA:161,0
DA:162,0
DA:166,0
DA:167,0
DA:168,0
DA:170,0
DA:171,0
DA:172,0
DA:173,0
DA:178,0
DA:179,0
DA:181,0
DA:192,0
DA:193,0
DA:194,0
DA:197,0
DA:200,0
DA:201,0
DA:202,0
DA:203,0
DA:204,0
DA:205,0
DA:206,0
DA:207,0
DA:208,0
DA:210,0
DA:211,0
DA:213,0
DA:226,0
DA:227,0
DA:228,0
DA:232,0
DA:233,0
DA:234,0
DA:241,0
DA:250,0
DA:251,0
DA:258,0
DA:259,0
DA:260,0
DA:263,0
DA:264,0
DA:265,0
DA:266,0
DA:267,0
DA:269,0
DA:270,0
DA:274,0
LF:107
LH:0
BRDA:43,0,0,0
BRDA:43,0,1,0
BRDA:44,1,0,0
BRDA:44,1,1,0
BRDA:47,2,0,0
BRDA:47,2,1,0
BRDA:48,3,0,0
BRDA:48,3,1,0
BRDA:55,4,0,0
BRDA:55,4,1,0
BRDA:70,5,0,0
BRDA:72,6,0,0
BRDA:73,7,0,0
BRDA:74,8,0,0
BRDA:86,9,0,0
BRDA:86,9,1,0
BRDA:86,10,0,0
BRDA:86,10,1,0
BRDA:89,11,0,0
BRDA:89,11,1,0
BRDA:105,12,0,0
BRDA:105,12,1,0
BRDA:155,13,0,0
BRDA:155,13,1,0
BRDA:156,14,0,0
BRDA:156,14,1,0
BRDA:161,15,0,0
BRDA:161,15,1,0
BRDA:166,16,0,0
BRDA:166,16,1,0
BRDA:171,17,0,0
BRDA:171,17,1,0
BRDA:192,18,0,0
BRDA:192,18,1,0
BRDA:228,19,0,0
BRDA:228,19,1,0
BRDA:258,20,0,0
BRDA:258,20,1,0
BRF:38
BRH:0
end_of_record
TN:
SF:src/models/predictionEngine.js
FN:5,(anonymous_0)
FN:13,(anonymous_1)
FN:41,(anonymous_2)
FN:58,(anonymous_3)
FN:86,(anonymous_4)
FNF:5
FNH:0
FNDA:0,(anonymous_0)
FNDA:0,(anonymous_1)
FNDA:0,(anonymous_2)
FNDA:0,(anonymous_3)
FNDA:0,(anonymous_4)
DA:1,0
DA:2,0
DA:6,0
DA:14,0
DA:15,0
DA:17,0
DA:18,0
DA:19,0
DA:21,0
DA:27,0
DA:28,0
DA:38,0
DA:43,0
DA:46,0
DA:47,0
DA:50,0
DA:52,0
DA:59,0
DA:62,0
DA:68,0
DA:69,0
DA:74,0
DA:75,0
DA:76,0
DA:77,0
DA:83,0
DA:87,0
DA:91,0
DA:98,0
DA:99,0
DA:104,0
DA:108,0
LF:32
LH:0
BRDA:50,0,0,0
BRDA:50,0,1,0
BRF:2
BRH:0
end_of_record
TN:
SF:src/models/predictionModel.js
FN:5,(anonymous_0)
FN:12,(anonymous_1)
FN:46,(anonymous_2)
FN:84,(anonymous_3)
FN:118,(anonymous_4)
FN:148,(anonymous_5)
FN:158,(anonymous_6)
FN:168,(anonymous_7)
FNF:8
FNH:6
FNDA:1,(anonymous_0)
FNDA:0,(anonymous_1)
FNDA:3,(anonymous_2)
FNDA:3,(anonymous_3)
FNDA:3,(anonymous_4)
FNDA:3,(anonymous_5)
FNDA:3,(anonymous_6)
FNDA:0,(anonymous_7)
DA:1,1
DA:2,1
DA:7,1
DA:8,1
DA:13,0
DA:15,0
DA:17,0
DA:18,0
DA:19,0
DA:24,0
DA:25,0
DA:27,0
DA:28,0
DA:29,0
DA:33,0
DA:35,0
DA:40,0
DA:41,0
DA:42,0
DA:48,3
DA:51,3
DA:54,3
DA:59,3
DA:60,3
DA:61,3
DA:63,0
DA:64,0
DA:68,3
DA:69,3
DA:71,3
DA:85,3
DA:88,3
DA:91,3
DA:92,3
DA:95,3
DA:96,3
DA:99,3
DA:100,3
DA:103,3
DA:104,3
DA:107,3
DA:110,3
DA:111,3
DA:114,3
DA:119,3
DA:120,3
DA:123,0
DA:124,0
DA:126,0
DA:127,0
DA:128,0
DA:129,0
DA:130,0
DA:131,0
DA:133,0
DA:134,0
DA:141,0
DA:151,3
DA:152,3
DA:154,3
DA:159,3
DA:169,0
DA:171,0
DA:172,0
DA:173,0
DA:179,0
DA:183,1
LF:67
LH:34
BRDA:17,0,0,0
BRDA:17,0,1,0
BRDA:28,1,0,0
BRDA:28,1,1,0
BRDA:59,2,0,3
BRDA:59,2,1,0
BRDA:88,3,0,3
BRDA:88,3,1,3
BRDA:119,4,0,3
BRDA:119,4,1,0
BRDA:119,5,0,3
BRDA:119,5,1,3
BRDA:127,6,0,0
BRDA:127,6,1,0
BRDA:128,7,0,0
BRDA:128,7,1,0
BRDA:129,8,0,0
BRDA:129,8,1,0
BRDA:130,9,0,0
BRDA:130,9,1,0
BRDA:130,10,0,0
BRDA:130,10,1,0
BRDA:133,11,0,0
BRDA:133,11,1,0
BRDA:133,12,0,0
BRDA:133,12,1,0
BRDA:142,13,0,0
BRDA:142,13,1,0
BRDA:143,14,0,0
BRDA:143,14,1,0
BRF:30
BRH:6
end_of_record
TN:
SF:src/services/backtestService.js
FN:6,(anonymous_0)
FN:21,(anonymous_1)
FN:198,(anonymous_2)
FN:215,(anonymous_3)
FNF:4
FNH:0
FNDA:0,(anonymous_0)
FNDA:0,(anonymous_1)
FNDA:0,(anonymous_2)
FNDA:0,(anonymous_3)
DA:1,0
DA:2,0
DA:3,0
DA:7,0
DA:29,0
DA:31,0
DA:32,0
DA:34,0
DA:37,0
DA:41,0
DA:43,0
DA:44,0
DA:45,0
DA:47,0
DA:48,0
DA:49,0
DA:52,0
DA:53,0
DA:55,0
DA:57,0
DA:59,0
DA:60,0
DA:61,0
DA:65,0
DA:85,0
DA:86,0
DA:88,0
DA:90,0
DA:93,0
DA:94,0
DA:97,0
DA:98,0
DA:101,0
DA:104,0
DA:105,0
DA:107,0
DA:110,0
DA:111,0
DA:112,0
DA:116,0
DA:117,0
DA:118,0
DA:121,0
DA:122,0
DA:123,0
DA:124,0
DA:125,0
DA:126,0
DA:127,0
DA:129,0
DA:130,0
DA:134,0
DA:137,0
DA:148,0
DA:149,0
DA:150,0
DA:151,0
DA:154,0
DA:155,0
DA:156,0
DA:158,0
DA:159,0
DA:160,0
DA:161,0
DA:166,0
DA:167,0
DA:168,0
DA:173,0
DA:174,0
DA:175,0
DA:176,0
DA:177,0
DA:178,0
DA:179,0
DA:180,0
DA:181,0
DA:182,0
DA:183,0
DA:184,0
DA:187,0
DA:188,0
DA:189,0
DA:190,0
DA:193,0
DA:194,0
DA:199,0
DA:200,0
DA:204,0
DA:205,0
DA:208,0
DA:216,0
DA:217,0
DA:218,0
DA:222,0
LF:94
LH:0
BRDA:21,0,0,0
BRDA:23,1,0,0
BRDA:24,2,0,0
BRDA:25,3,0,0
BRDA:26,4,0,0
BRDA:27,5,0,0
BRDA:28,6,0,0
BRDA:43,7,0,0
BRDA:43,7,1,0
BRDA:47,8,0,0
BRDA:47,8,1,0
BRDA:59,9,0,0
BRDA:59,9,1,0
BRDA:97,10,0,0
BRDA:97,10,1,0
BRDA:98,11,0,0
BRDA:98,11,1,0
BRDA:101,12,0,0
BRDA:101,12,1,0
BRDA:107,13,0,0
BRDA:107,13,1,0
BRDA:112,14,0,0
BRDA:112,14,1,0
BRDA:116,15,0,0
BRDA:116,15,1,0
BRDA:117,16,0,0
BRDA:117,16,1,0
BRDA:122,17,0,0
BRDA:122,17,1,0
BRDA:125,18,0,0
BRDA:125,18,1,0
BRDA:155,19,0,0
BRDA:155,19,1,0
BRDA:160,20,0,0
BRDA:160,20,1,0
BRDA:167,21,0,0
BRDA:167,21,1,0
BRDA:168,22,0,0
BRDA:168,22,1,0
BRDA:189,23,0,0
BRDA:189,23,1,0
BRDA:199,24,0,0
BRDA:199,24,1,0
BRDA:199,25,0,0
BRDA:199,25,1,0
BRF:45
BRH:0
end_of_record
TN:
SF:src/services/bettingService.js
FN:6,(anonymous_0)
FN:28,(anonymous_1)
FN:42,(anonymous_2)
FN:64,(anonymous_3)
FN:97,(anonymous_4)
FN:117,(anonymous_5)
FN:221,(anonymous_6)
FN:231,(anonymous_7)
FN:295,(anonymous_8)
FNF:9
FNH:4
FNDA:1,(anonymous_0)
FNDA:2,(anonymous_1)
FNDA:0,(anonymous_2)
FNDA:0,(anonymous_3)
FNDA:1,(anonymous_4)
FNDA:0,(anonymous_5)
FNDA:0,(anonymous_6)
FNDA:0,(anonymous_7)
FNDA:2,(anonymous_8)
DA:1,1
DA:2,1
DA:3,1
DA:8,1
DA:16,1
DA:29,2
DA:31,2
DA:32,2
DA:34,2
DA:35,2
DA:36,0
DA:37,0
DA:43,0
DA:45,0
DA:50,0
DA:65,0
DA:66,0
DA:69,0
DA:71,0
DA:72,0
DA:73,0
DA:74,0
DA:75,0
DA:76,0
DA:78,0
DA:79,0
DA:81,0
DA:82,0
DA:89,0
DA:100,1
DA:101,1
DA:102,1
DA:104,1
DA:106,1
DA:107,1
DA:110,1
DA:111,1
DA:113,1
DA:118,0
DA:119,0
DA:120,0
DA:122,0
DA:125,0
DA:126,0
DA:128,0
DA:130,0
DA:131,0
DA:140,0
DA:145,0
DA:146,0
DA:147,0
DA:151,0
DA:152,0
DA:153,0
DA:156,0
DA:157,0
DA:158,0
DA:163,0
DA:164,0
DA:165,0
DA:166,0
DA:168,0
DA:169,0
DA:170,0
DA:174,0
DA:175,0
DA:176,0
DA:179,0
DA:180,0
DA:181,0
DA:185,0
DA:187,0
DA:188,0
DA:189,0
DA:193,0
DA:199,0
DA:205,0
DA:206,0
DA:207,0
DA:208,0
DA:209,0
DA:211,0
DA:212,0
DA:213,0
DA:217,0
DA:220,0
DA:221,0
DA:224,0
DA:225,0
DA:227,0
DA:232,0
DA:233,0
DA:236,0
DA:244,0
DA:246,0
DA:249,0
DA:250,0
DA:251,0
DA:252,0
DA:254,0
DA:258,0
DA:259,0
DA:260,0
DA:261,0
DA:262,0
DA:263,0
DA:264,0
DA:266,0
DA:267,0
DA:271,0
DA:278,0
DA:279,0
DA:280,0
DA:283,0
DA:285,0
DA:286,0
DA:287,0
DA:288,0
DA:291,0
DA:296,2
DA:298,2
DA:299,2
DA:300,2
DA:304,2
DA:319,1
LF:125
LH:25
BRDA:34,0,0,0
BRDA:34,0,1,2
BRDA:35,1,0,0
BRDA:35,1,1,2
BRDA:65,2,0,0
BRDA:65,2,1,0
BRDA:65,3,0,0
BRDA:65,3,1,0
BRDA:72,4,0,0
BRDA:72,4,1,0
BRDA:73,5,0,0
BRDA:73,5,1,0
BRDA:74,6,0,0
BRDA:74,6,1,0
BRDA:75,7,0,0
BRDA:75,7,1,0
BRDA:75,8,0,0
BRDA:75,8,1,0
BRDA:78,9,0,0
BRDA:78,9,1,0
BRDA:78,10,0,0
BRDA:78,10,1,0
BRDA:81,11,0,0
BRDA:81,11,1,0
BRDA:81,12,0,0
BRDA:81,12,1,0
BRDA:90,13,0,0
BRDA:90,13,1,0
BRDA:91,14,0,0
BRDA:91,14,1,0
BRDA:92,15,0,0
BRDA:92,15,1,0
BRDA:104,16,0,0
BRDA:104,16,1,1
BRDA:145,17,0,0
BRDA:145,17,1,0
BRDA:163,18,0,0
BRDA:163,18,1,0
BRDA:174,19,0,0
BRDA:174,19,1,0
BRDA:179,20,0,0
BRDA:179,20,1,0
BRDA:187,21,0,0
BRDA:187,21,1,0
BRDA:220,22,0,0
BRDA:220,22,1,0
BRDA:249,23,0,0
BRDA:249,23,1,0
BRDA:251,24,0,0
BRDA:251,24,1,0
BRDA:259,25,0,0
BRDA:259,25,1,0
BRDA:262,26,0,0
BRDA:262,26,1,0
BRDA:285,27,0,0
BRDA:285,27,1,0
BRDA:299,28,0,0
BRDA:299,28,1,2
BRDA:300,29,0,0
BRDA:300,29,1,2
BRDA:314,30,0,0
BRDA:314,30,1,2
BRF:62
BRH:6
end_of_record
TN:
SF:src/services/database.js
FN:11,initDatabase
FN:132,getDb
FNF:2
FNH:2
FNDA:1,initDatabase
FNDA:34,getDb
DA:1,1
DA:2,1
DA:3,1
DA:5,1
DA:6,1
DA:7,1
DA:13,1
DA:14,0
DA:17,1
DA:20,1
DA:23,1
DA:128,1
DA:129,1
DA:133,34
DA:134,34
DA:137,1
LF:16
LH:15
BRDA:7,0,0,1
BRDA:7,0,1,0
BRDA:13,1,0,0
BRDA:13,1,1,1
BRDA:133,2,0,0
BRDA:133,2,1,34
BRF:6
BRH:3
end_of_record
TN:
SF:src/services/featureEngine.js
FN:4,(anonymous_0)
FN:16,(anonymous_1)
FN:77,(anonymous_2)
FN:142,(anonymous_3)
FN:194,(anonymous_4)
FN:219,(anonymous_5)
FNF:6
FNH:6
FNDA:1,(anonymous_0)
FNDA:4,(anonymous_1)
FNDA:8,(anonymous_2)
FNDA:8,(anonymous_3)
FNDA:4,(anonymous_4)
FNDA:8,(anonymous_5)
DA:1,1
DA:6,1
DA:17,4
DA:19,4
DA:20,4
DA:23,4
DA:24,4
DA:27,4
DA:28,4
DA:31,4
DA:34,4
DA:35,4
DA:38,4
DA:73,4
DA:78,8
DA:79,8
DA:82,8
DA:95,8
DA:100,8
DA:105,8
DA:110,8
DA:115,8
DA:116,8
DA:117,8
DA:118,8
DA:120,8
DA:121,8
DA:130,0
DA:143,8
DA:144,8
DA:146,8
DA:155,8
DA:156,8
DA:159,0
DA:160,0
DA:161,0
DA:164,0
DA:165,0
DA:168,0
DA:169,0
DA:170,0
DA:171,0
DA:173,0
DA:174,0
DA:177,0
DA:178,0
DA:180,0
DA:181,0
DA:186,0
DA:195,4
DA:196,4
DA:198,4
DA:211,4
DA:220,8
DA:221,8
DA:223,8
DA:232,8
DA:234,0
DA:235,0
DA:236,0
DA:240,1
LF:61
LH:41
BRDA:40,0,0,4
BRDA:40,0,1,0
BRDA:41,1,0,4
BRDA:41,1,1,0
BRDA:42,2,0,4
BRDA:42,2,1,0
BRDA:43,3,0,4
BRDA:43,3,1,0
BRDA:44,4,0,4
BRDA:44,4,1,0
BRDA:45,5,0,4
BRDA:45,5,1,0
BRDA:48,6,0,4
BRDA:48,6,1,0
BRDA:49,7,0,4
BRDA:49,7,1,0
BRDA:52,8,0,4
BRDA:52,8,1,0
BRDA:53,9,0,4
BRDA:53,9,1,0
BRDA:56,10,0,4
BRDA:56,10,1,4
BRDA:57,11,0,4
BRDA:57,11,1,4
BRDA:58,12,0,4
BRDA:58,12,1,4
BRDA:66,13,0,4
BRDA:66,13,1,4
BRDA:67,14,0,4
BRDA:67,14,1,4
BRDA:77,15,0,8
BRDA:115,16,0,8
BRDA:115,16,1,8
BRDA:115,17,0,8
BRDA:115,17,1,8
BRDA:116,18,0,8
BRDA:116,18,1,8
BRDA:116,19,0,8
BRDA:116,19,1,8
BRDA:117,20,0,0
BRDA:117,20,1,8
BRDA:118,21,0,0
BRDA:118,21,1,8
BRDA:120,22,0,8
BRDA:120,22,1,0
BRDA:125,23,0,0
BRDA:125,23,1,8
BRDA:126,24,0,0
BRDA:126,24,1,8
BRDA:134,25,0,0
BRDA:134,25,1,0
BRDA:134,26,0,0
BRDA:134,26,1,0
BRDA:135,27,0,0
BRDA:135,27,1,0
BRDA:135,28,0,0
BRDA:135,28,1,0
BRDA:142,29,0,0
BRDA:155,30,0,8
BRDA:155,30,1,0
BRDA:165,31,0,0
BRDA:165,31,1,0
BRDA:165,31,2,0
BRDA:165,31,3,0
BRDA:168,32,0,0
BRDA:168,32,1,0
BRDA:170,33,0,0
BRDA:170,33,1,0
BRDA:177,34,0,0
BRDA:177,34,1,0
BRDA:212,35,0,4
BRDA:212,35,1,4
BRDA:213,36,0,4
BRDA:213,36,1,4
BRDA:214,37,0,4
BRDA:214,37,1,4
BRDA:232,38,0,8
BRDA:232,38,1,0
BRF:78
BRH:42
end_of_record
TN:
SF:src/services/paperBetting.js
FN:5,(anonymous_0)
FN:16,(anonymous_1)
FN:28,(anonymous_2)
FN:47,(anonymous_3)
FN:96,(anonymous_4)
FNF:5
FNH:0
FNDA:0,(anonymous_0)
FNDA:0,(anonymous_1)
FNDA:0,(anonymous_2)
FNDA:0,(anonymous_3)
FNDA:0,(anonymous_4)
DA:1,0
DA:2,0
DA:6,0
DA:17,0
DA:18,0
DA:19,0
DA:21,0
DA:22,0
DA:23,0
DA:24,0
DA:29,0
DA:30,0
DA:35,0
DA:48,0
DA:50,0
DA:51,0
DA:52,0
DA:58,0
DA:59,0
DA:61,0
DA:62,0
DA:65,0
DA:70,0
DA:72,0
DA:73,0
DA:76,0
DA:81,0
DA:82,0
DA:83,0
DA:84,0
DA:85,0
DA:86,0
DA:90,0
DA:92,0
DA:93,0
DA:97,0
DA:98,0
DA:102,0
DA:117,0
LF:39
LH:0
BRDA:21,0,0,0
BRDA:21,0,1,0
BRDA:22,1,0,0
BRDA:22,1,1,0
BRDA:47,2,0,0
BRDA:62,3,0,0
BRDA:62,3,1,0
BRDA:70,4,0,0
BRDA:70,4,1,0
BRDA:81,5,0,0
BRDA:81,5,1,0
BRDA:98,6,0,0
BRDA:98,6,1,0
BRDA:107,7,0,0
BRDA:107,7,1,0
BRF:15
BRH:0
end_of_record
